<?xml version="1.0" encoding="UTF-8"?>
<!-- Generated by org.testng.reporters.JUnitReportReporter -->
<testsuite hostname="Raji" failures="0" tests="1" name="Runner.TestRunner" time="0.030" errors="0" timestamp="2024-02-22T20:31:23 IST" skipped="0">
  <testcase classname="Runner.TestRunner" name="feature" time="0.030"/>
</testsuite> <!-- Runner.TestRunner -->
